Determining if the pthread_create exist failed with the following output:
Change Dir: /home/gengiro/tfm_test_ws/src/project/build/CMakeFiles/CMakeTmp

Run Build Command:"/usr/bin/make" "cmTC_cbc27/fast"
/usr/bin/make -f CMakeFiles/cmTC_cbc27.dir/build.make CMakeFiles/cmTC_cbc27.dir/build
make[1]: Entering directory '/home/gengiro/tfm_test_ws/src/project/build/CMakeFiles/CMakeTmp'
Building C object CMakeFiles/cmTC_cbc27.dir/CheckSymbolExists.c.o
/usr/bin/cc    -o CMakeFiles/cmTC_cbc27.dir/CheckSymbolExists.c.o   -c /home/gengiro/tfm_test_ws/src/project/build/CMakeFiles/CMakeTmp/CheckSymbolExists.c
Linking C executable cmTC_cbc27
/usr/bin/cmake -E cmake_link_script CMakeFiles/cmTC_cbc27.dir/link.txt --verbose=1
/usr/bin/cc      -rdynamic CMakeFiles/cmTC_cbc27.dir/CheckSymbolExists.c.o  -o cmTC_cbc27 
CMakeFiles/cmTC_cbc27.dir/CheckSymbolExists.c.o: In function `main':
CheckSymbolExists.c:(.text+0x1b): undefined reference to `pthread_create'
collect2: error: ld returned 1 exit status
CMakeFiles/cmTC_cbc27.dir/build.make:97: recipe for target 'cmTC_cbc27' failed
make[1]: *** [cmTC_cbc27] Error 1
make[1]: Leaving directory '/home/gengiro/tfm_test_ws/src/project/build/CMakeFiles/CMakeTmp'
Makefile:126: recipe for target 'cmTC_cbc27/fast' failed
make: *** [cmTC_cbc27/fast] Error 2

File /home/gengiro/tfm_test_ws/src/project/build/CMakeFiles/CMakeTmp/CheckSymbolExists.c:
/* */
#include <pthread.h>

int main(int argc, char** argv)
{
  (void)argv;
#ifndef pthread_create
  return ((int*)(&pthread_create))[argc];
#else
  (void)argc;
  return 0;
#endif
}

Determining if the function pthread_create exists in the pthreads failed with the following output:
Change Dir: /home/gengiro/tfm_test_ws/src/project/build/CMakeFiles/CMakeTmp

Run Build Command:"/usr/bin/make" "cmTC_21799/fast"
/usr/bin/make -f CMakeFiles/cmTC_21799.dir/build.make CMakeFiles/cmTC_21799.dir/build
make[1]: Entering directory '/home/gengiro/tfm_test_ws/src/project/build/CMakeFiles/CMakeTmp'
Building C object CMakeFiles/cmTC_21799.dir/CheckFunctionExists.c.o
/usr/bin/cc   -DCHECK_FUNCTION_EXISTS=pthread_create   -o CMakeFiles/cmTC_21799.dir/CheckFunctionExists.c.o   -c /usr/share/cmake-3.10/Modules/CheckFunctionExists.c
Linking C executable cmTC_21799
/usr/bin/cmake -E cmake_link_script CMakeFiles/cmTC_21799.dir/link.txt --verbose=1
/usr/bin/cc  -DCHECK_FUNCTION_EXISTS=pthread_create    -rdynamic CMakeFiles/cmTC_21799.dir/CheckFunctionExists.c.o  -o cmTC_21799 -lpthreads 
/usr/bin/ld: cannot find -lpthreads
collect2: error: ld returned 1 exit status
CMakeFiles/cmTC_21799.dir/build.make:97: recipe for target 'cmTC_21799' failed
make[1]: *** [cmTC_21799] Error 1
make[1]: Leaving directory '/home/gengiro/tfm_test_ws/src/project/build/CMakeFiles/CMakeTmp'
Makefile:126: recipe for target 'cmTC_21799/fast' failed
make: *** [cmTC_21799/fast] Error 2


